<?xml version="1.0" encoding="UTF-8"?>
<testsuite name="CalculatorTest" tests="1" skipped="0" failures="0" errors="0" timestamp="2020-01-31T07:53:30" hostname="Area51s-MacBook-Pro.local" time="0.027">
  <properties/>
  <testcase name="Exception()" classname="CalculatorTest" time="0.027"/>
  <system-out><![CDATA[]]></system-out>
  <system-err><![CDATA[]]></system-err>
</testsuite>
