<?xml version="1.0" encoding="UTF-8"?>
<testsuite name="CalculatorTest" tests="2" skipped="0" failures="0" errors="0" timestamp="2020-01-30T14:16:01" hostname="Area51s-MacBook-Pro.local" time="0.096">
  <properties/>
  <testcase name="Exception" classname="CalculatorTest" time="0.003"/>
  <testcase name="add" classname="CalculatorTest" time="0.093"/>
  <system-out><![CDATA[]]></system-out>
  <system-err><![CDATA[]]></system-err>
</testsuite>
